[2022-7-13 11:31:2] GET:/api/meal/f
TypeError: Cannot read properties of undefined (reading 'row')
    at MealService.addMeal (C:\Users\Administrator\Desktop\project\TDZ\server\src\services\meal-service.ts:42:37)
    at processTicksAndRejections (node:internal/process/task_queues:96:5)
    at async MealService.findMeal (C:\Users\Administrator\Desktop\project\TDZ\server\src\services\meal-service.ts:13:24)
    at async getMeal (C:\Users\Administrator\Desktop\project\TDZ\server\src\controllers\meal-controller.ts:9:24)

[2022-7-13 11:31:2] GET:/api/meal/fk
TypeError: Cannot read properties of undefined (reading 'row')
    at MealService.addMeal (C:\Users\Administrator\Desktop\project\TDZ\server\src\services\meal-service.ts:42:37)
    at processTicksAndRejections (node:internal/process/task_queues:96:5)
    at async MealService.findMeal (C:\Users\Administrator\Desktop\project\TDZ\server\src\services\meal-service.ts:13:24)
    at async getMeal (C:\Users\Administrator\Desktop\project\TDZ\server\src\controllers\meal-controller.ts:9:24)

[2022-7-13 11:31:3] GET:/api/meal/f
TypeError: Cannot read properties of undefined (reading 'row')
    at MealService.addMeal (C:\Users\Administrator\Desktop\project\TDZ\server\src\services\meal-service.ts:42:37)
    at processTicksAndRejections (node:internal/process/task_queues:96:5)
    at async MealService.findMeal (C:\Users\Administrator\Desktop\project\TDZ\server\src\services\meal-service.ts:13:24)
    at async getMeal (C:\Users\Administrator\Desktop\project\TDZ\server\src\controllers\meal-controller.ts:9:24)

[2022-7-13 11:31:3] GET:/api/meal/%E3%84%B9
TypeError: Cannot read properties of undefined (reading 'row')
    at MealService.addMeal (C:\Users\Administrator\Desktop\project\TDZ\server\src\services\meal-service.ts:42:37)
    at processTicksAndRejections (node:internal/process/task_queues:96:5)
    at async MealService.findMeal (C:\Users\Administrator\Desktop\project\TDZ\server\src\services\meal-service.ts:13:24)
    at async getMeal (C:\Users\Administrator\Desktop\project\TDZ\server\src\controllers\meal-controller.ts:9:24)

[2022-7-13 11:31:3] GET:/api/meal/%EB%9D%BC
TypeError: Cannot read properties of undefined (reading 'row')
    at MealService.addMeal (C:\Users\Administrator\Desktop\project\TDZ\server\src\services\meal-service.ts:42:37)
    at processTicksAndRejections (node:internal/process/task_queues:96:5)
    at async MealService.findMeal (C:\Users\Administrator\Desktop\project\TDZ\server\src\services\meal-service.ts:13:24)
    at async getMeal (C:\Users\Administrator\Desktop\project\TDZ\server\src\controllers\meal-controller.ts:9:24)

[2022-7-13 11:32:23] GET:/api/meal/%E3%85%87
TypeError: Cannot read properties of undefined (reading 'row')
    at MealService.addMeal (C:\Users\Administrator\Desktop\project\TDZ\server\src\services\meal-service.ts:42:37)
    at processTicksAndRejections (node:internal/process/task_queues:96:5)
    at async MealService.findMeal (C:\Users\Administrator\Desktop\project\TDZ\server\src\services\meal-service.ts:13:24)
    at async getMeal (C:\Users\Administrator\Desktop\project\TDZ\server\src\controllers\meal-controller.ts:9:24)

[2022-7-13 11:32:23] GET:/api/meal/%EC%95%84
TypeError: Cannot read properties of undefined (reading 'row')
    at MealService.addMeal (C:\Users\Administrator\Desktop\project\TDZ\server\src\services\meal-service.ts:42:37)
    at processTicksAndRejections (node:internal/process/task_queues:96:5)
    at async MealService.findMeal (C:\Users\Administrator\Desktop\project\TDZ\server\src\services\meal-service.ts:13:24)
    at async getMeal (C:\Users\Administrator\Desktop\project\TDZ\server\src\controllers\meal-controller.ts:9:24)

[2022-7-13 11:35:7] GET:/api/meal/%E3%84%B9
TypeError: Cannot read properties of undefined (reading 'row')
    at MealService.addMeal (C:\Users\Administrator\Desktop\project\TDZ\server\src\services\meal-service.ts:42:37)
    at processTicksAndRejections (node:internal/process/task_queues:96:5)
    at async MealService.findMeal (C:\Users\Administrator\Desktop\project\TDZ\server\src\services\meal-service.ts:13:24)
    at async getMeal (C:\Users\Administrator\Desktop\project\TDZ\server\src\controllers\meal-controller.ts:9:24)

[2022-7-13 11:35:46] GET:/api/meal/%E3%85%87
TypeError: Cannot read properties of undefined (reading 'row')
    at MealService.addMeal (C:\Users\Administrator\Desktop\project\TDZ\server\src\services\meal-service.ts:42:37)
    at processTicksAndRejections (node:internal/process/task_queues:96:5)
    at async MealService.findMeal (C:\Users\Administrator\Desktop\project\TDZ\server\src\services\meal-service.ts:13:24)
    at async getMeal (C:\Users\Administrator\Desktop\project\TDZ\server\src\controllers\meal-controller.ts:9:24)

[2022-7-13 11:35:49] GET:/api/meal/%E3%84%B9
TypeError: Cannot read properties of undefined (reading 'row')
    at MealService.addMeal (C:\Users\Administrator\Desktop\project\TDZ\server\src\services\meal-service.ts:42:37)
    at processTicksAndRejections (node:internal/process/task_queues:96:5)
    at async MealService.findMeal (C:\Users\Administrator\Desktop\project\TDZ\server\src\services\meal-service.ts:13:24)
    at async getMeal (C:\Users\Administrator\Desktop\project\TDZ\server\src\controllers\meal-controller.ts:9:24)

[2022-7-13 11:35:49] GET:/api/meal/%EB%9D%BC
TypeError: Cannot read properties of undefined (reading 'row')
    at MealService.addMeal (C:\Users\Administrator\Desktop\project\TDZ\server\src\services\meal-service.ts:42:37)
    at processTicksAndRejections (node:internal/process/task_queues:96:5)
    at async MealService.findMeal (C:\Users\Administrator\Desktop\project\TDZ\server\src\services\meal-service.ts:13:24)
    at async getMeal (C:\Users\Administrator\Desktop\project\TDZ\server\src\controllers\meal-controller.ts:9:24)

[2022-7-13 11:35:49] GET:/api/meal/%EB%9E%8C
TypeError: Cannot read properties of undefined (reading 'row')
    at MealService.addMeal (C:\Users\Administrator\Desktop\project\TDZ\server\src\services\meal-service.ts:42:37)
    at processTicksAndRejections (node:internal/process/task_queues:96:5)
    at async MealService.findMeal (C:\Users\Administrator\Desktop\project\TDZ\server\src\services\meal-service.ts:13:24)
    at async getMeal (C:\Users\Administrator\Desktop\project\TDZ\server\src\controllers\meal-controller.ts:9:24)

[2022-7-13 11:35:49] GET:/api/meal/%EB%9D%BC
TypeError: Cannot read properties of undefined (reading 'row')
    at MealService.addMeal (C:\Users\Administrator\Desktop\project\TDZ\server\src\services\meal-service.ts:42:37)
    at processTicksAndRejections (node:internal/process/task_queues:96:5)
    at async MealService.findMeal (C:\Users\Administrator\Desktop\project\TDZ\server\src\services\meal-service.ts:13:24)
    at async getMeal (C:\Users\Administrator\Desktop\project\TDZ\server\src\controllers\meal-controller.ts:9:24)

[2022-7-13 11:35:49] GET:/api/meal/%EB%9D%BC%EB%A9%B0
TypeError: Cannot read properties of undefined (reading 'row')
    at MealService.addMeal (C:\Users\Administrator\Desktop\project\TDZ\server\src\services\meal-service.ts:42:37)
    at processTicksAndRejections (node:internal/process/task_queues:96:5)
    at async MealService.findMeal (C:\Users\Administrator\Desktop\project\TDZ\server\src\services\meal-service.ts:13:24)
    at async getMeal (C:\Users\Administrator\Desktop\project\TDZ\server\src\controllers\meal-controller.ts:9:24)

[2022-7-13 12:2:10] GET:/api/meal/fk
TypeError: Cannot read properties of undefined (reading 'row')
    at MealService.addMeal (C:\Users\Administrator\Desktop\project\TDZ\server\src\services\meal-service.ts:42:37)
    at processTicksAndRejections (node:internal/process/task_queues:96:5)
    at async MealService.findMeal (C:\Users\Administrator\Desktop\project\TDZ\server\src\services\meal-service.ts:13:24)
    at async getMeal (C:\Users\Administrator\Desktop\project\TDZ\server\src\controllers\meal-controller.ts:9:24)

[2022-7-13 12:2:17] GET:/api/meal/%E3%84%B9
TypeError: Cannot read properties of undefined (reading 'row')
    at MealService.addMeal (C:\Users\Administrator\Desktop\project\TDZ\server\src\services\meal-service.ts:42:37)
    at processTicksAndRejections (node:internal/process/task_queues:96:5)
    at async MealService.findMeal (C:\Users\Administrator\Desktop\project\TDZ\server\src\services\meal-service.ts:13:24)
    at async getMeal (C:\Users\Administrator\Desktop\project\TDZ\server\src\controllers\meal-controller.ts:9:24)

[2022-7-13 12:2:17] GET:/api/meal/%EB%9D%BC
TypeError: Cannot read properties of undefined (reading 'row')
    at MealService.addMeal (C:\Users\Administrator\Desktop\project\TDZ\server\src\services\meal-service.ts:42:37)
    at processTicksAndRejections (node:internal/process/task_queues:96:5)
    at async MealService.findMeal (C:\Users\Administrator\Desktop\project\TDZ\server\src\services\meal-service.ts:13:24)
    at async getMeal (C:\Users\Administrator\Desktop\project\TDZ\server\src\controllers\meal-controller.ts:9:24)

[2022-7-13 12:3:48] GET:/api/meal/:%EB%9D%BC
TypeError: Cannot read properties of undefined (reading 'row')
    at MealService.addMeal (C:\Users\Administrator\Desktop\project\TDZ\server\src\services\meal-service.ts:42:37)
    at processTicksAndRejections (node:internal/process/task_queues:96:5)
    at async MealService.findMeal (C:\Users\Administrator\Desktop\project\TDZ\server\src\services\meal-service.ts:13:24)
    at async getMeal (C:\Users\Administrator\Desktop\project\TDZ\server\src\controllers\meal-controller.ts:9:24)

[2022-7-13 12:3:53] GET:/api/meal/:%E3%84%B9
TypeError: Cannot read properties of undefined (reading 'row')
    at MealService.addMeal (C:\Users\Administrator\Desktop\project\TDZ\server\src\services\meal-service.ts:42:37)
    at processTicksAndRejections (node:internal/process/task_queues:96:5)
    at async MealService.findMeal (C:\Users\Administrator\Desktop\project\TDZ\server\src\services\meal-service.ts:13:24)
    at async getMeal (C:\Users\Administrator\Desktop\project\TDZ\server\src\controllers\meal-controller.ts:9:24)

[2022-7-13 12:3:55] GET:/api/meal/:%EB%9D%BC
TypeError: Cannot read properties of undefined (reading 'row')
    at MealService.addMeal (C:\Users\Administrator\Desktop\project\TDZ\server\src\services\meal-service.ts:42:37)
    at processTicksAndRejections (node:internal/process/task_queues:96:5)
    at async MealService.findMeal (C:\Users\Administrator\Desktop\project\TDZ\server\src\services\meal-service.ts:13:24)
    at async getMeal (C:\Users\Administrator\Desktop\project\TDZ\server\src\controllers\meal-controller.ts:9:24)

[2022-7-13 12:3:59] GET:/api/meal/:%EB%9E%8C
TypeError: Cannot read properties of undefined (reading 'row')
    at MealService.addMeal (C:\Users\Administrator\Desktop\project\TDZ\server\src\services\meal-service.ts:42:37)
    at processTicksAndRejections (node:internal/process/task_queues:96:5)
    at async MealService.findMeal (C:\Users\Administrator\Desktop\project\TDZ\server\src\services\meal-service.ts:13:24)
    at async getMeal (C:\Users\Administrator\Desktop\project\TDZ\server\src\controllers\meal-controller.ts:9:24)

[2022-7-13 12:3:59] GET:/api/meal/:%EB%9D%BC
TypeError: Cannot read properties of undefined (reading 'row')
    at MealService.addMeal (C:\Users\Administrator\Desktop\project\TDZ\server\src\services\meal-service.ts:42:37)
    at processTicksAndRejections (node:internal/process/task_queues:96:5)
    at async MealService.findMeal (C:\Users\Administrator\Desktop\project\TDZ\server\src\services\meal-service.ts:13:24)
    at async getMeal (C:\Users\Administrator\Desktop\project\TDZ\server\src\controllers\meal-controller.ts:9:24)

[2022-7-13 12:3:59] GET:/api/meal/:%EB%9D%BC%EB%A9%B0
TypeError: Cannot read properties of undefined (reading 'row')
    at MealService.addMeal (C:\Users\Administrator\Desktop\project\TDZ\server\src\services\meal-service.ts:42:37)
    at processTicksAndRejections (node:internal/process/task_queues:96:5)
    at async MealService.findMeal (C:\Users\Administrator\Desktop\project\TDZ\server\src\services\meal-service.ts:13:24)
    at async getMeal (C:\Users\Administrator\Desktop\project\TDZ\server\src\controllers\meal-controller.ts:9:24)

[2022-7-13 12:8:35] GET:/api/meal/:d
TypeError: Cannot read properties of undefined (reading 'row')
    at MealService.addMeal (C:\Users\Administrator\Desktop\project\TDZ\server\src\services\meal-service.ts:42:37)
    at processTicksAndRejections (node:internal/process/task_queues:96:5)
    at async MealService.findMeal (C:\Users\Administrator\Desktop\project\TDZ\server\src\services\meal-service.ts:13:24)
    at async getMeal (C:\Users\Administrator\Desktop\project\TDZ\server\src\controllers\meal-controller.ts:9:24)

[2022-7-13 12:8:35] GET:/api/meal/:ds
TypeError: Cannot read properties of undefined (reading 'row')
    at MealService.addMeal (C:\Users\Administrator\Desktop\project\TDZ\server\src\services\meal-service.ts:42:37)
    at processTicksAndRejections (node:internal/process/task_queues:96:5)
    at async MealService.findMeal (C:\Users\Administrator\Desktop\project\TDZ\server\src\services\meal-service.ts:13:24)
    at async getMeal (C:\Users\Administrator\Desktop\project\TDZ\server\src\controllers\meal-controller.ts:9:24)

[2022-7-13 12:10:52] GET:/api/meal/:%E3%84%B9
TypeError: Cannot read properties of undefined (reading 'length')
    at MealService.addMeal (C:\Users\Administrator\Desktop\project\TDZ\server\src\services\meal-service.ts:44:38)
    at processTicksAndRejections (node:internal/process/task_queues:96:5)
    at async MealService.findMeal (C:\Users\Administrator\Desktop\project\TDZ\server\src\services\meal-service.ts:13:24)
    at async getMeal (C:\Users\Administrator\Desktop\project\TDZ\server\src\controllers\meal-controller.ts:9:24)

[2022-7-13 12:11:6] GET:/api/meal/:%EB%9D%BC
Error: :라을 조회할 수 없습니다.
    at MealService.findMeal (C:\Users\Administrator\Desktop\project\TDZ\server\src\services\meal-service.ts:17:15)
    at processTicksAndRejections (node:internal/process/task_queues:96:5)
    at async getMeal (C:\Users\Administrator\Desktop\project\TDZ\server\src\controllers\meal-controller.ts:9:24)

[2022-7-13 12:11:14] GET:/api/meal/:%EB%9D%BC%EB%A9%B4
TypeError: Cannot read properties of undefined (reading 'row')
    at MealService.addMeal (C:\Users\Administrator\Desktop\project\TDZ\server\src\services\meal-service.ts:42:37)
    at processTicksAndRejections (node:internal/process/task_queues:96:5)
    at async MealService.findMeal (C:\Users\Administrator\Desktop\project\TDZ\server\src\services\meal-service.ts:13:24)
    at async getMeal (C:\Users\Administrator\Desktop\project\TDZ\server\src\controllers\meal-controller.ts:9:24)

[2022-7-13 12:11:15] GET:/api/meal/:%EB%9D%BC%E3%85%81
TypeError: Cannot read properties of undefined (reading 'length')
    at MealService.addMeal (C:\Users\Administrator\Desktop\project\TDZ\server\src\services\meal-service.ts:44:38)
    at processTicksAndRejections (node:internal/process/task_queues:96:5)
    at async MealService.findMeal (C:\Users\Administrator\Desktop\project\TDZ\server\src\services\meal-service.ts:13:24)
    at async getMeal (C:\Users\Administrator\Desktop\project\TDZ\server\src\controllers\meal-controller.ts:9:24)

[2022-7-13 12:11:15] GET:/api/meal/:%EB%9D%BC%EB%A9%B0
TypeError: Cannot read properties of undefined (reading 'length')
    at MealService.addMeal (C:\Users\Administrator\Desktop\project\TDZ\server\src\services\meal-service.ts:44:38)
    at processTicksAndRejections (node:internal/process/task_queues:96:5)
    at async MealService.findMeal (C:\Users\Administrator\Desktop\project\TDZ\server\src\services\meal-service.ts:13:24)
    at async getMeal (C:\Users\Administrator\Desktop\project\TDZ\server\src\controllers\meal-controller.ts:9:24)

[2022-7-13 12:16:51] GET:/api/meal/%EB%B0%A5
Error: 밥을 조회할 수 없습니다.
    at MealService.findMeal (C:\Users\Administrator\Desktop\project\TDZ\server\src\services\meal-service.ts:17:15)
    at processTicksAndRejections (node:internal/process/task_queues:96:5)
    at async getMeal (C:\Users\Administrator\Desktop\project\TDZ\server\src\controllers\meal-controller.ts:9:24)

[2022-7-13 12:17:17] GET:/api/meal/%EC%8C%80%EB%B0%A5
Error: 쌀밥을 조회할 수 없습니다.
    at MealService.findMeal (C:\Users\Administrator\Desktop\project\TDZ\server\src\services\meal-service.ts:17:15)
    at processTicksAndRejections (node:internal/process/task_queues:96:5)
    at async getMeal (C:\Users\Administrator\Desktop\project\TDZ\server\src\controllers\meal-controller.ts:9:24)

[2022-7-13 15:15:22] GET:/api/meal/%ED%94%BC%EC%9E%90
Error: 피자을 조회할 수 없습니다.
    at MealService.findMeal (C:\Users\Administrator\Desktop\project\TDZ\server\src\services\meal-service.ts:17:15)
    at processTicksAndRejections (node:internal/process/task_queues:96:5)
    at async getMeal (C:\Users\Administrator\Desktop\project\TDZ\server\src\controllers\meal-controller.ts:9:24)

[2022-7-13 15:15:36] GET:/api/meal/%EC%A7%84%EB%9D%BC%EB%A9%B4
Error: 진라면을 조회할 수 없습니다.
    at MealService.findMeal (C:\Users\Administrator\Desktop\project\TDZ\server\src\services\meal-service.ts:17:15)
    at processTicksAndRejections (node:internal/process/task_queues:96:5)
    at async getMeal (C:\Users\Administrator\Desktop\project\TDZ\server\src\controllers\meal-controller.ts:9:24)

[2022-7-13 19:56:7] GET:/api/meal/search
TypeError: Cannot read properties of undefined (reading 'length')
    at MealService.addMeal (C:\Users\Administrator\Desktop\project\TDZ\server\src\services\meal-service.ts:44:38)
    at runMicrotasks (<anonymous>)
    at processTicksAndRejections (node:internal/process/task_queues:96:5)
    at async MealService.findMeal (C:\Users\Administrator\Desktop\project\TDZ\server\src\services\meal-service.ts:13:24)
    at async getMeal (C:\Users\Administrator\Desktop\project\TDZ\server\src\controllers\meal-controller.ts:9:24)

[2022-7-13 23:31:21] POST:/api/auth/login
Error: 해당 이메일은 가입 내역이 없습니다. 다시 한 번 확인해 주세요.
    at UserService.getUserToken (C:\Users\Administrator\Desktop\project\TDZ\server\src\services\user-service.ts:52:13)
    at processTicksAndRejections (node:internal/process/task_queues:96:5)
    at async login (C:\Users\Administrator\Desktop\project\TDZ\server\src\controllers\user-controller.ts:43:23)

[2022-7-13 23:31:31] POST:/api/auth/login
Error: 해당 이메일은 가입 내역이 없습니다. 다시 한 번 확인해 주세요.
    at UserService.getUserToken (C:\Users\Administrator\Desktop\project\TDZ\server\src\services\user-service.ts:52:13)
    at processTicksAndRejections (node:internal/process/task_queues:96:5)
    at async login (C:\Users\Administrator\Desktop\project\TDZ\server\src\controllers\user-controller.ts:43:23)

[2022-7-13 23:32:10] POST:/api/auth/login
Error: 해당 이메일은 가입 내역이 없습니다. 다시 한 번 확인해 주세요.
    at UserService.getUserToken (C:\Users\Administrator\Desktop\project\TDZ\server\src\services\user-service.ts:52:13)
    at processTicksAndRejections (node:internal/process/task_queues:96:5)
    at async login (C:\Users\Administrator\Desktop\project\TDZ\server\src\controllers\user-controller.ts:43:23)

[2022-7-13 23:34:21] POST:/api/auth/login
Error: 해당 이메일은 가입 내역이 없습니다. 다시 한 번 확인해 주세요.
    at UserService.getUserToken (C:\Users\Administrator\Desktop\project\TDZ\server\src\services\user-service.ts:52:13)
    at processTicksAndRejections (node:internal/process/task_queues:96:5)
    at async login (C:\Users\Administrator\Desktop\project\TDZ\server\src\controllers\user-controller.ts:43:23)

[2022-7-14 0:23:36] GET:/api/meal/%ED%94%BC%EC%9E%90
Error: 피자을 조회할 수 없습니다.
    at MealService.findMeal (C:\Users\Administrator\Desktop\project\TDZ\server\src\services\meal-service.ts:17:15)
    at processTicksAndRejections (node:internal/process/task_queues:96:5)
    at async getMeal (C:\Users\Administrator\Desktop\project\TDZ\server\src\controllers\meal-controller.ts:9:24)

[2022-7-15 3:21:47] POST:/api/favorites
CastError: Cast to ObjectId failed for value "D018163" (type string) at path "meal_id" for model "favorites"
    at model.Query.exec (C:\Users\Administrator\Desktop\project\TDZ\server\node_modules\mongoose\lib\query.js:4498:21)
    at model.Query.Query.then (C:\Users\Administrator\Desktop\project\TDZ\server\node_modules\mongoose\lib\query.js:4592:15)
    at processTicksAndRejections (node:internal/process/task_queues:96:5)

[2022-7-15 11:4:23] POST:/api/favorites
Error: 이미 즐겨찾기에 등록된 식단입니다
    at add (C:\Users\Administrator\Desktop\project\TDZ\server\src\controllers\favorite-controller.ts:26:13)
    at processTicksAndRejections (node:internal/process/task_queues:96:5)

[2022-7-15 11:4:26] POST:/api/favorites
Error: 이미 즐겨찾기에 등록된 식단입니다
    at add (C:\Users\Administrator\Desktop\project\TDZ\server\src\controllers\favorite-controller.ts:26:13)
    at processTicksAndRejections (node:internal/process/task_queues:96:5)

[2022-7-15 11:38:34] DELETE:/api/favorites/62d02a99199fd052e4071338
SyntaxError: Unexpected token " in JSON at position 0
    at JSON.parse (<anonymous>)
    at createStrictSyntaxError (C:\Users\Administrator\Desktop\project\TDZ\server\node_modules\body-parser\lib\types\json.js:160:10)
    at parse (C:\Users\Administrator\Desktop\project\TDZ\server\node_modules\body-parser\lib\types\json.js:83:15)
    at C:\Users\Administrator\Desktop\project\TDZ\server\node_modules\body-parser\lib\read.js:128:18
    at AsyncResource.runInAsyncScope (node:async_hooks:202:9)
    at invokeCallback (C:\Users\Administrator\Desktop\project\TDZ\server\node_modules\raw-body\index.js:231:16)
    at done (C:\Users\Administrator\Desktop\project\TDZ\server\node_modules\raw-body\index.js:220:7)
    at IncomingMessage.onEnd (C:\Users\Administrator\Desktop\project\TDZ\server\node_modules\raw-body\index.js:280:7)
    at IncomingMessage.emit (node:events:539:35)
    at IncomingMessage.emit (node:domain:475:12)
    at endReadableNT (node:internal/streams/readable:1345:12)
    at processTicksAndRejections (node:internal/process/task_queues:83:21)

[2022-7-15 11:42:15] DELETE:/api/favorites/62d02a99199fd052e4071338
Error: 해당하는 즐겨찾기가 없습니다. 다시 한 번 확인해 주세요.
    at FavoriteService.deleteOneFavorite (C:\Users\Administrator\Desktop\project\TDZ\server\src\services\favorite-service.ts:59:13)
    at processTicksAndRejections (node:internal/process/task_queues:96:5)
    at async deleteFavorite (C:\Users\Administrator\Desktop\project\TDZ\server\src\controllers\favorite-controller.ts:88:28)

[2022-7-15 11:43:7] POST:/api/favorites
Error: 이미 즐겨찾기에 등록된 식단입니다
    at add (C:\Users\Administrator\Desktop\project\TDZ\server\src\controllers\favorite-controller.ts:26:13)
    at processTicksAndRejections (node:internal/process/task_queues:96:5)

[2022-7-15 11:43:52] DELETE:/api/favorites/62d02a99199fd052e4071338
Error: 해당하는 즐겨찾기가 없습니다. 다시 한 번 확인해 주세요.
    at FavoriteService.deleteOneFavorite (C:\Users\Administrator\Desktop\project\TDZ\server\src\services\favorite-service.ts:59:13)
    at processTicksAndRejections (node:internal/process/task_queues:96:5)
    at async deleteFavorite (C:\Users\Administrator\Desktop\project\TDZ\server\src\controllers\favorite-controller.ts:88:28)

[2022-7-15 11:44:50] DELETE:/api/favorites/62d015dad5875f76f8dea838
Error: 해당하는 즐겨찾기가 없습니다. 다시 한 번 확인해 주세요.
    at FavoriteService.deleteOneFavorite (C:\Users\Administrator\Desktop\project\TDZ\server\src\services\favorite-service.ts:59:13)
    at processTicksAndRejections (node:internal/process/task_queues:96:5)
    at async deleteFavorite (C:\Users\Administrator\Desktop\project\TDZ\server\src\controllers\favorite-controller.ts:88:28)

[2022-7-15 11:51:2] POST:/api/favorites
Error: 이미 즐겨찾기에 등록된 식단입니다
    at add (C:\Users\Administrator\Desktop\project\TDZ\server\src\controllers\favorite-controller.ts:26:13)
    at processTicksAndRejections (node:internal/process/task_queues:96:5)

[2022-7-15 11:51:4] DELETE:/api/favorites/62d015dad5875f76f8dea838
Error: 해당하는 즐겨찾기가 없습니다. 다시 한 번 확인해 주세요.
    at FavoriteService.deleteOneFavorite (C:\Users\Administrator\Desktop\project\TDZ\server\src\services\favorite-service.ts:59:13)
    at processTicksAndRejections (node:internal/process/task_queues:96:5)
    at async deleteFavorite (C:\Users\Administrator\Desktop\project\TDZ\server\src\controllers\favorite-controller.ts:88:28)

[2022-7-15 13:24:30] GET:/api/meal/D010835
TypeError: Cannot read properties of undefined (reading 'length')
    at MealService.addMeal (C:\Users\Administrator\Desktop\project\TDZ\server\src\services\meal-service.ts:44:38)
    at processTicksAndRejections (node:internal/process/task_queues:96:5)
    at async MealService.findMeal (C:\Users\Administrator\Desktop\project\TDZ\server\src\services\meal-service.ts:13:24)
    at async getMeal (C:\Users\Administrator\Desktop\project\TDZ\server\src\controllers\meal-controller.ts:9:24)

