[2022-7-8 14:41:51] POST:/api/auth/signup
MongoError: cannot do raw queries on admin in atlas
    at Connection.<anonymous> (/Users/kai/Documents/Workspace/Web/TDZ/server/node_modules/mongodb/lib/core/connection/pool.js:453:61)
    at Connection.emit (node:events:527:28)
    at Connection.emit (node:domain:475:12)
    at processMessage (/Users/kai/Documents/Workspace/Web/TDZ/server/node_modules/mongodb/lib/core/connection/connection.js:456:10)
    at TLSSocket.<anonymous> (/Users/kai/Documents/Workspace/Web/TDZ/server/node_modules/mongodb/lib/core/connection/connection.js:625:15)
    at TLSSocket.emit (node:events:527:28)
    at TLSSocket.emit (node:domain:475:12)
    at addChunk (node:internal/streams/readable:315:12)
    at readableAddChunk (node:internal/streams/readable:289:9)
    at TLSSocket.Readable.push (node:internal/streams/readable:228:10)
    at TLSWrap.onStreamRead (node:internal/stream_base_commons:190:23)

[2022-7-8 14:43:13] POST:/api/auth/signup
MongoError: cannot do raw queries on admin in atlas
    at Connection.<anonymous> (/Users/kai/Documents/Workspace/Web/TDZ/server/node_modules/mongodb/lib/core/connection/pool.js:453:61)
    at Connection.emit (node:events:527:28)
    at Connection.emit (node:domain:475:12)
    at processMessage (/Users/kai/Documents/Workspace/Web/TDZ/server/node_modules/mongodb/lib/core/connection/connection.js:456:10)
    at TLSSocket.<anonymous> (/Users/kai/Documents/Workspace/Web/TDZ/server/node_modules/mongodb/lib/core/connection/connection.js:625:15)
    at TLSSocket.emit (node:events:527:28)
    at TLSSocket.emit (node:domain:475:12)
    at addChunk (node:internal/streams/readable:315:12)
    at readableAddChunk (node:internal/streams/readable:289:9)
    at TLSSocket.Readable.push (node:internal/streams/readable:228:10)
    at TLSWrap.onStreamRead (node:internal/stream_base_commons:190:23)

[2022-7-8 14:43:18] POST:/api/auth/signup
MongoError: cannot do raw queries on admin in atlas
    at Connection.<anonymous> (/Users/kai/Documents/Workspace/Web/TDZ/server/node_modules/mongodb/lib/core/connection/pool.js:453:61)
    at Connection.emit (node:events:527:28)
    at Connection.emit (node:domain:475:12)
    at processMessage (/Users/kai/Documents/Workspace/Web/TDZ/server/node_modules/mongodb/lib/core/connection/connection.js:456:10)
    at TLSSocket.<anonymous> (/Users/kai/Documents/Workspace/Web/TDZ/server/node_modules/mongodb/lib/core/connection/connection.js:625:15)
    at TLSSocket.emit (node:events:527:28)
    at TLSSocket.emit (node:domain:475:12)
    at addChunk (node:internal/streams/readable:315:12)
    at readableAddChunk (node:internal/streams/readable:289:9)
    at TLSSocket.Readable.push (node:internal/streams/readable:228:10)
    at TLSWrap.onStreamRead (node:internal/stream_base_commons:190:23)

[2022-7-8 14:49:9] POST:/api/auth/signup
MongoError: cannot do raw queries on admin in atlas
    at Connection.<anonymous> (/Users/kai/Documents/Workspace/Web/TDZ/server/node_modules/mongodb/lib/core/connection/pool.js:453:61)
    at Connection.emit (node:events:527:28)
    at Connection.emit (node:domain:475:12)
    at processMessage (/Users/kai/Documents/Workspace/Web/TDZ/server/node_modules/mongodb/lib/core/connection/connection.js:456:10)
    at TLSSocket.<anonymous> (/Users/kai/Documents/Workspace/Web/TDZ/server/node_modules/mongodb/lib/core/connection/connection.js:625:15)
    at TLSSocket.emit (node:events:527:28)
    at TLSSocket.emit (node:domain:475:12)
    at addChunk (node:internal/streams/readable:315:12)
    at readableAddChunk (node:internal/streams/readable:289:9)
    at TLSSocket.Readable.push (node:internal/streams/readable:228:10)
    at TLSWrap.onStreamRead (node:internal/stream_base_commons:190:23)

[2022-7-8 14:54:7] POST:/api/auth/signup
MongoError: cannot do raw queries on admin in atlas
    at Connection.<anonymous> (/Users/kai/Documents/Workspace/Web/TDZ/server/node_modules/mongodb/lib/core/connection/pool.js:453:61)
    at Connection.emit (node:events:527:28)
    at Connection.emit (node:domain:475:12)
    at processMessage (/Users/kai/Documents/Workspace/Web/TDZ/server/node_modules/mongodb/lib/core/connection/connection.js:456:10)
    at TLSSocket.<anonymous> (/Users/kai/Documents/Workspace/Web/TDZ/server/node_modules/mongodb/lib/core/connection/connection.js:625:15)
    at TLSSocket.emit (node:events:527:28)
    at TLSSocket.emit (node:domain:475:12)
    at addChunk (node:internal/streams/readable:315:12)
    at readableAddChunk (node:internal/streams/readable:289:9)
    at TLSSocket.Readable.push (node:internal/streams/readable:228:10)
    at TLSWrap.onStreamRead (node:internal/stream_base_commons:190:23)

[2022-7-8 16:16:47] POST:/api/auth/signup
ValidationError: users validation failed: login_path: Path `login_path` is required., role: Path `role` is required., profile_image: Path `profile_image` is required., comment: Path `comment` is required.
    at model.Document.invalidate (/Users/kai/Documents/Workspace/Web/TDZ/server/node_modules/mongoose/lib/document.js:2782:32)
    at /Users/kai/Documents/Workspace/Web/TDZ/server/node_modules/mongoose/lib/document.js:2574:17
    at /Users/kai/Documents/Workspace/Web/TDZ/server/node_modules/mongoose/lib/schematype.js:1273:9
    at processTicksAndRejections (node:internal/process/task_queues:78:11)

[2022-7-8 16:21:58] POST:/api/auth/signup
ValidationError: users validation failed: login_path: Path `login_path` is required., role: Path `role` is required., profile_image: Path `profile_image` is required., comment: Path `comment` is required.
    at model.Document.invalidate (/Users/kai/Documents/Workspace/Web/TDZ/server/node_modules/mongoose/lib/document.js:2782:32)
    at /Users/kai/Documents/Workspace/Web/TDZ/server/node_modules/mongoose/lib/document.js:2574:17
    at /Users/kai/Documents/Workspace/Web/TDZ/server/node_modules/mongoose/lib/schematype.js:1273:9
    at processTicksAndRejections (node:internal/process/task_queues:78:11)

[2022-7-8 16:52:9] POST:/api/auth/signup
ValidationError: users validation failed: login_path: Path `login_path` is required., role: Path `role` is required., profile_image: Path `profile_image` is required., comment: Path `comment` is required.
    at model.Document.invalidate (/Users/kai/Documents/Workspace/Web/TDZ/server/node_modules/mongoose/lib/document.js:2782:32)
    at /Users/kai/Documents/Workspace/Web/TDZ/server/node_modules/mongoose/lib/document.js:2574:17
    at /Users/kai/Documents/Workspace/Web/TDZ/server/node_modules/mongoose/lib/schematype.js:1273:9
    at processTicksAndRejections (node:internal/process/task_queues:78:11)

[2022-7-8 16:57:25] POST:/api/auth/signup
ValidationError: users validation failed: login_path: Path `login_path` is required., role: Path `role` is required., profile_image: Path `profile_image` is required., comment: Path `comment` is required.
    at model.Document.invalidate (/Users/kai/Documents/Workspace/Web/TDZ/server/node_modules/mongoose/lib/document.js:2782:32)
    at /Users/kai/Documents/Workspace/Web/TDZ/server/node_modules/mongoose/lib/document.js:2574:17
    at /Users/kai/Documents/Workspace/Web/TDZ/server/node_modules/mongoose/lib/schematype.js:1273:9
    at processTicksAndRejections (node:internal/process/task_queues:78:11)

[2022-7-8 16:58:9] POST:/api/auth/signup
ValidationError: users validation failed: login_path: Path `login_path` is required., role: Path `role` is required., profile_image: Path `profile_image` is required., comment: Path `comment` is required.
    at model.Document.invalidate (/Users/kai/Documents/Workspace/Web/TDZ/server/node_modules/mongoose/lib/document.js:2782:32)
    at /Users/kai/Documents/Workspace/Web/TDZ/server/node_modules/mongoose/lib/document.js:2574:17
    at /Users/kai/Documents/Workspace/Web/TDZ/server/node_modules/mongoose/lib/schematype.js:1273:9
    at processTicksAndRejections (node:internal/process/task_queues:78:11)

[2022-7-8 16:59:5] POST:/api/auth/signup
ValidationError: users validation failed: login_path: Path `login_path` is required., role: Path `role` is required., profile_image: Path `profile_image` is required., comment: Path `comment` is required.
    at model.Document.invalidate (/Users/kai/Documents/Workspace/Web/TDZ/server/node_modules/mongoose/lib/document.js:2782:32)
    at /Users/kai/Documents/Workspace/Web/TDZ/server/node_modules/mongoose/lib/document.js:2574:17
    at /Users/kai/Documents/Workspace/Web/TDZ/server/node_modules/mongoose/lib/schematype.js:1273:9
    at processTicksAndRejections (node:internal/process/task_queues:78:11)

[2022-7-8 17:4:14] POST:/api/auth/signup
ValidationError: users validation failed: login_path: Path `login_path` is required., role: Path `role` is required., profile_image: Path `profile_image` is required., comment: Path `comment` is required.
    at model.Document.invalidate (/Users/kai/Documents/Workspace/Web/TDZ/server/node_modules/mongoose/lib/document.js:2782:32)
    at /Users/kai/Documents/Workspace/Web/TDZ/server/node_modules/mongoose/lib/document.js:2574:17
    at /Users/kai/Documents/Workspace/Web/TDZ/server/node_modules/mongoose/lib/schematype.js:1273:9
    at processTicksAndRejections (node:internal/process/task_queues:78:11)

[2022-7-8 17:5:47] POST:/api/auth/signup
ValidationError: users validation failed: login_path: Path `login_path` is required., role: Path `role` is required., profile_image: Path `profile_image` is required., comment: Path `comment` is required.
    at model.Document.invalidate (/Users/kai/Documents/Workspace/Web/TDZ/server/node_modules/mongoose/lib/document.js:2782:32)
    at /Users/kai/Documents/Workspace/Web/TDZ/server/node_modules/mongoose/lib/document.js:2574:17
    at /Users/kai/Documents/Workspace/Web/TDZ/server/node_modules/mongoose/lib/schematype.js:1273:9
    at processTicksAndRejections (node:internal/process/task_queues:78:11)

[2022-7-8 17:6:17] POST:/api/auth/signup
ValidationError: users validation failed: login_path: Path `login_path` is required., role: Path `role` is required., profile_image: Path `profile_image` is required., comment: Path `comment` is required.
    at model.Document.invalidate (/Users/kai/Documents/Workspace/Web/TDZ/server/node_modules/mongoose/lib/document.js:2782:32)
    at /Users/kai/Documents/Workspace/Web/TDZ/server/node_modules/mongoose/lib/document.js:2574:17
    at /Users/kai/Documents/Workspace/Web/TDZ/server/node_modules/mongoose/lib/schematype.js:1273:9
    at processTicksAndRejections (node:internal/process/task_queues:78:11)

[2022-7-8 17:6:58] POST:/api/auth/signup
ValidationError: users validation failed: login_path: Path `login_path` is required., role: Path `role` is required., profile_image: Path `profile_image` is required., comment: Path `comment` is required.
    at model.Document.invalidate (/Users/kai/Documents/Workspace/Web/TDZ/server/node_modules/mongoose/lib/document.js:2782:32)
    at /Users/kai/Documents/Workspace/Web/TDZ/server/node_modules/mongoose/lib/document.js:2574:17
    at /Users/kai/Documents/Workspace/Web/TDZ/server/node_modules/mongoose/lib/schematype.js:1273:9
    at processTicksAndRejections (node:internal/process/task_queues:78:11)

[2022-7-8 17:19:48] POST:/api/auth/signup
ValidationError: users validation failed: login_path: Path `login_path` is required., role: Path `role` is required., profile_image: Path `profile_image` is required., comment: Path `comment` is required.
    at model.Document.invalidate (/Users/kai/Documents/Workspace/Web/TDZ/server/node_modules/mongoose/lib/document.js:2782:32)
    at /Users/kai/Documents/Workspace/Web/TDZ/server/node_modules/mongoose/lib/document.js:2574:17
    at /Users/kai/Documents/Workspace/Web/TDZ/server/node_modules/mongoose/lib/schematype.js:1273:9
    at processTicksAndRejections (node:internal/process/task_queues:78:11)

[2022-7-8 17:38:26] POST:/api/auth/login
Error: cookieParser("secret") required for signed cookies
    at ServerResponse.res.cookie (/Users/kai/Documents/Workspace/Web/TDZ/server/node_modules/express/lib/response.js:860:11)
    at /Users/kai/Documents/Workspace/Web/TDZ/server/src/controllers/user-controller.ts:48:8
    at Generator.next (<anonymous>)
    at fulfilled (/Users/kai/Documents/Workspace/Web/TDZ/server/src/controllers/user-controller.ts:5:58)

[2022-7-8 17:39:51] POST:/api/auth/login
Error: cookieParser("secret") required for signed cookies
    at ServerResponse.res.cookie (/Users/kai/Documents/Workspace/Web/TDZ/server/node_modules/express/lib/response.js:860:11)
    at /Users/kai/Documents/Workspace/Web/TDZ/server/src/controllers/user-controller.ts:48:8
    at Generator.next (<anonymous>)
    at fulfilled (/Users/kai/Documents/Workspace/Web/TDZ/server/src/controllers/user-controller.ts:5:58)

[2022-7-8 17:40:43] POST:/api/auth/login
Error: 비밀번호가 일치하지 않습니다. 다시 한 번 확인해 주세요.
    at UserService.<anonymous> (/Users/kai/Documents/Workspace/Web/TDZ/server/src/services/user-service.ts:105:13)
    at Generator.next (<anonymous>)
    at fulfilled (/Users/kai/Documents/Workspace/Web/TDZ/server/src/services/user-service.ts:5:58)

[2022-7-8 17:41:18] POST:/api/auth/login
Error: 해당 이메일은 가입 내역이 없습니다. 다시 한 번 확인해 주세요.
    at UserService.<anonymous> (/Users/kai/Documents/Workspace/Web/TDZ/server/src/services/user-service.ts:88:13)
    at Generator.next (<anonymous>)
    at fulfilled (/Users/kai/Documents/Workspace/Web/TDZ/server/src/services/user-service.ts:5:58)
    at processTicksAndRejections (node:internal/process/task_queues:96:5)

[2022-7-8 17:51:40] POST:/api/auth/signup
Error: 이 이메일은 현재 사용중입니다. 다른 이메일을 입력해 주세요.
    at UserService.<anonymous> (/Users/kai/Documents/Workspace/Web/TDZ/server/src/services/user-service.ts:50:13)
    at Generator.next (<anonymous>)
    at fulfilled (/Users/kai/Documents/Workspace/Web/TDZ/server/src/services/user-service.ts:5:58)
    at processTicksAndRejections (node:internal/process/task_queues:96:5)

